<?xml version="1.0" encoding="UTF-8"?>
<testsuite xmlns:xsi="http://www.w3.org/2001/XMLSchema-instance" xsi:noNamespaceSchemaLocation="https://maven.apache.org/surefire/maven-surefire-plugin/xsd/surefire-test-report-3.0.xsd" version="3.0" name="io.cucumber.cucumber_archetype.RunCucumberTest" time="0.704" tests="3" errors="0" skipped="0" failures="0">
  <properties>
[...]
</properties>
  <testcase name="Given user clicks the application" classname="Scenario: Test the Feature" time="0.001">
    <system-out><![CDATA[Feature: Test the BDD framework
Logged in to the application successfully
]]></system-out>
  </testcase>
  <testcase name="When user enters &quot;uname&quot; and &quot;pwd&quot;" classname="Scenario: Test the Feature" time="0">
    <system-out><![CDATA[Values Enteredunamepwd
Enters the uname and pwd
]]></system-out>
  </testcase>
  <testcase name="" classname="Scenario: Test the Feature" time="0.001"/>
</testsuite>