<?xml version="1.0" encoding="UTF-8"?>
<testsuite xmlns:xsi="http://www.w3.org/2001/XMLSchema-instance" xsi:noNamespaceSchemaLocation="https://maven.apache.org/surefire/maven-surefire-plugin/xsd/surefire-test-report-3.0.xsd" version="3.0" name="io.cucumber.cucumber_archetype.RunCucumberTest" time="9.102" tests="3" errors="2" skipped="0" failures="0">
  <properties>
[...]
</properties>
  <testcase name="When Open the Browser" classname="Scenario: Test the Feature" time="0.002">
    <system-out><![CDATA[Hello in Extentreport
TempValue in cucumber hooktest-the-bdd-framework
inside cucumber hook loop
Exten Flush In Runner Class call
Temp++test-the-bdd-framework
Scenario NameTest the Feature
Opening the browser
Inside
]]></system-out>
    <system-err><![CDATA[Starting ChromeDriver 83.0.4103.39 (ccbf011cb2d2b19b506d844400483861342c20cd-refs/branch-heads/4103@{#416}) on port 15649
Only local connections are allowed.
Please see https://chromedriver.chromium.org/security-considerations for suggestions on keeping ChromeDriver safe.
ChromeDriver was started successfully.
Jul 13, 2020 10:15:16 PM org.openqa.selenium.remote.ProtocolHandshake createSession
INFO: Detected dialect: W3C
]]></system-err>
  </testcase>
  <testcase name="When Users Enters the Value" classname="Scenario: Test the Feature" time="0.012">
    <error type="java.lang.Exception"><![CDATA[java.lang.Exception
]]></error>
  </testcase>
  <testcase name="" classname="Scenario: Test the Feature" time="0.012">
    <error type="java.lang.Exception"><![CDATA[java.lang.Exception
]]></error>
  </testcase>
</testsuite>